<?xml version="1.0" encoding="UTF-8"?>
<!-- Generated by org.testng.reporters.JUnitReportReporter -->
<testsuite hostname="Rich" failures="0" tests="5" name="testCases.TC002_LoginTest" time="46.404" errors="0" timestamp="2024-08-31T19:05:05 EDT" skipped="0">
  <testcase classname="testCases.TC002_LoginTest" name="verify_Login" time="4.277"/>
  <system-out/>
  <testcase classname="testCases.TC002_LoginTest" name="verify_Login" time="12.644"/>
  <system-out/>
  <testcase classname="testCases.TC002_LoginTest" name="verify_Login" time="12.648"/>
  <system-out/>
  <testcase classname="testCases.TC002_LoginTest" name="verify_Login" time="12.230"/>
  <system-out/>
  <testcase classname="testCases.TC002_LoginTest" name="verify_Login" time="4.605"/>
  <system-out/>
</testsuite> <!-- testCases.TC002_LoginTest -->
