<?xml version="1.0" encoding="UTF-8"?>
<!-- Generated by org.testng.reporters.JUnitReportReporter -->
<testsuite hostname="Rich" failures="0" tests="5" name="testCases.TC002_LoginTest" time="42.868" errors="0" timestamp="2024-09-03T17:30:20 EDT" skipped="0">
  <testcase classname="testCases.TC002_LoginTest" name="verify_Login" time="12.160"/>
  <system-out/>
  <testcase classname="testCases.TC002_LoginTest" name="verify_Login" time="11.794"/>
  <system-out/>
  <testcase classname="testCases.TC002_LoginTest" name="verify_Login" time="3.250"/>
  <system-out/>
  <testcase classname="testCases.TC002_LoginTest" name="verify_Login" time="3.421"/>
  <system-out/>
  <testcase classname="testCases.TC002_LoginTest" name="verify_Login" time="12.243"/>
  <system-out/>
</testsuite> <!-- testCases.TC002_LoginTest -->
