<?xml version="1.0" encoding="UTF-8"?>
<!-- Generated by org.testng.reporters.JUnitReportReporter -->
<testsuite hostname="Rich" failures="0" tests="1" name="testCases.TC001_AccountRegisterTest" time="5.257" errors="0" timestamp="2024-09-03T17:48:53 EDT" skipped="0">
  <testcase classname="testCases.TC001_AccountRegisterTest" name="verify_AccountRegister" time="5.257"/>
  <system-out/>
</testsuite> <!-- testCases.TC001_AccountRegisterTest -->
