<?xml version="1.0" encoding="UTF-8"?>
<!-- Generated by org.testng.reporters.JUnitReportReporter -->
<testsuite hostname="Rich" failures="0" tests="1" name="testCases.TC001_AccountRegisterTest" time="5.086" errors="0" timestamp="2024-09-01T18:34:13 EDT" skipped="0">
  <testcase classname="testCases.TC001_AccountRegisterTest" name="verify_AccountRegister" time="5.086"/>
</testsuite> <!-- testCases.TC001_AccountRegisterTest -->
