<?xml version="1.0" encoding="UTF-8"?>
<!-- Generated by org.testng.reporters.JUnitReportReporter -->
<testsuite hostname="Rich" failures="0" tests="1" name="testCases.TC001_AccountRegisterTest" time="6.171" errors="0" timestamp="2024-09-02T17:06:33 EDT" skipped="0">
  <testcase classname="testCases.TC001_AccountRegisterTest" name="verify_AccountRegister" time="6.171"/>
</testsuite> <!-- testCases.TC001_AccountRegisterTest -->
